Using pre-set license
Built from '2021.1/staging' branch; Version is '2021.1.27f1 (7e296a84045d) revision 8268138'; Using compiler version '192528614'; Build Type 'Release'
OS: 'Windows 10 Home; OS build 19042.1348; Version 2009; 64bit' Language: 'he' Physical Memory: 16198 MB
BatchMode: 1, IsHumanControllingUs: 0, StartBugReporterOnCrash: 0, Is64bit: 1, IsPro: 0

COMMAND LINE ARGUMENTS:
C:\Program Files\Unity\Hub\Editor\2021.1.27f1\Editor\Unity.exe
-adb2
-batchMode
-noUpm
-name
AssetImportWorker0
-projectPath
C:/Users/helic/Documents/SemiProject/sce-game-project/Game Project
-logFile
Logs/AssetImportWorker0.log
-srvPort
62814
Successfully changed project path to: C:/Users/helic/Documents/SemiProject/sce-game-project/Game Project
C:/Users/helic/Documents/SemiProject/sce-game-project/Game Project
Using Asset Import Pipeline V2.
Refreshing native plugins compatible for Editor in 135.01 ms, found 3 plugins.
Preloading 0 native plugins for Editor in 0.00 ms.
Initialize engine version: 2021.1.27f1 (7e296a84045d)
[Subsystems] Discovering subsystems at path C:/Program Files/Unity/Hub/Editor/2021.1.27f1/Editor/Data/Resources/UnitySubsystems
[Subsystems] Discovering subsystems at path C:/Users/helic/Documents/SemiProject/sce-game-project/Game Project/Assets
GfxDevice: creating device client; threaded=0; jobified=0
Direct3D:
    Version:  Direct3D 11.0 [level 11.1]
    Renderer: Intel(R) UHD Graphics 620 (ID=0x3ea0)
    Vendor:   Intel
    VRAM:     8099 MB
    Driver:   27.20.100.9749
Initialize mono
Mono path[0] = 'C:/Program Files/Unity/Hub/Editor/2021.1.27f1/Editor/Data/Managed'
Mono path[1] = 'C:/Program Files/Unity/Hub/Editor/2021.1.27f1/Editor/Data/MonoBleedingEdge/lib/mono/unityjit'
Mono config path = 'C:/Program Files/Unity/Hub/Editor/2021.1.27f1/Editor/Data/MonoBleedingEdge/etc'
Using monoOptions --debugger-agent=transport=dt_socket,embedding=1,server=y,suspend=n,address=127.0.0.1:56840
Begin MonoManager ReloadAssembly
Registering precompiled unity dll's ...
Register platform support module: C:/Program Files/Unity/Hub/Editor/2021.1.27f1/Editor/Data/PlaybackEngines/WindowsStandaloneSupport/UnityEditor.WindowsStandalone.Extensions.dll
Registered in 0.003116 seconds.
Native extension for WindowsStandalone target not found
Refreshing native plugins compatible for Editor in 133.07 ms, found 3 plugins.
Preloading 0 native plugins for Editor in 0.00 ms.
Mono: successfully reloaded assembly
- Completed reload, in  1.537 seconds
Domain Reload Profiling:
	ReloadAssembly (1541ms)
		BeginReloadAssembly (90ms)
			ExecutionOrderSort (0ms)
			DisableScriptedObjects (0ms)
			BackupInstance (0ms)
			ReleaseScriptingObjects (0ms)
			CreateAndSetChildDomain (1ms)
		EndReloadAssembly (680ms)
			LoadAssemblies (84ms)
			RebuildTransferFunctionScriptingTraits (0ms)
			SetupTypeCache (228ms)
			ReleaseScriptCaches (0ms)
			RebuildScriptCaches (41ms)
			SetupLoadedEditorAssemblies (347ms)
				LogAssemblyErrors (0ms)
				InitializePlatformSupportModulesInManaged (12ms)
				SetLoadedEditorAssemblies (0ms)
				RefreshPlugins (137ms)
				BeforeProcessingInitializeOnLoad (2ms)
				ProcessInitializeOnLoadAttributes (161ms)
				ProcessInitializeOnLoadMethodAttributes (35ms)
				AfterProcessingInitializeOnLoad (0ms)
				EditorAssembliesLoaded (0ms)
			ExecutionOrderSort2 (0ms)
			AwakeInstancesAfterBackupRestoration (0ms)
Platform modules already initialized, skipping
Registering precompiled user dll's ...
Registered in 0.010247 seconds.
Begin MonoManager ReloadAssembly
Symbol file LoadedFromMemory doesn't match image C:\Users\helic\Documents\SemiProject\sce-game-project\Game Project\Library\PackageCache\com.unity.visualscripting@1.6.1\Editor\VisualScripting.Core\Dependencies\YamlDotNet\Unity.VisualScripting.YamlDotNet.dll
Symbol file LoadedFromMemory doesn't match image C:\Users\helic\Documents\SemiProject\sce-game-project\Game Project\Library\PackageCache\com.unity.visualscripting@1.6.1\Editor\VisualScripting.Core\Dependencies\DotNetZip\Unity.VisualScripting.IonicZip.dll
Native extension for WindowsStandalone target not found
Refreshing native plugins compatible for Editor in 0.75 ms, found 3 plugins.
Preloading 0 native plugins for Editor in 0.00 ms.
Mono: successfully reloaded assembly
- Completed reload, in  1.569 seconds
Domain Reload Profiling:
	ReloadAssembly (1574ms)
		BeginReloadAssembly (218ms)
			ExecutionOrderSort (0ms)
			DisableScriptedObjects (5ms)
			BackupInstance (0ms)
			ReleaseScriptingObjects (0ms)
			CreateAndSetChildDomain (26ms)
		EndReloadAssembly (1275ms)
			LoadAssemblies (138ms)
			RebuildTransferFunctionScriptingTraits (0ms)
			SetupTypeCache (509ms)
			ReleaseScriptCaches (1ms)
			RebuildScriptCaches (62ms)
			SetupLoadedEditorAssemblies (448ms)
				LogAssemblyErrors (0ms)
				InitializePlatformSupportModulesInManaged (11ms)
				SetLoadedEditorAssemblies (1ms)
				RefreshPlugins (1ms)
				BeforeProcessingInitializeOnLoad (97ms)
				ProcessInitializeOnLoadAttributes (313ms)
				ProcessInitializeOnLoadMethodAttributes (13ms)
				AfterProcessingInitializeOnLoad (12ms)
				EditorAssembliesLoaded (0ms)
			ExecutionOrderSort2 (0ms)
			AwakeInstancesAfterBackupRestoration (9ms)
Platform modules already initialized, skipping
========================================================================
Worker process is ready to serve import requests
Launched and connected shader compiler UnityShaderCompiler.exe after 0.06 seconds
Refreshing native plugins compatible for Editor in 0.70 ms, found 3 plugins.
Preloading 0 native plugins for Editor in 0.00 ms.
Unloading 3252 Unused Serialized files (Serialized files now loaded: 0)
System memory in use before: 120.1 MB.
System memory in use after: 120.3 MB.

Unloading 24 unused Assets to reduce memory usage. Loaded Objects now: 3698.
Total: 4.267200 ms (FindLiveObjects: 0.302800 ms CreateObjectMapping: 0.216200 ms MarkObjects: 3.673500 ms  DeleteObjects: 0.073500 ms)

AssetImportParameters requested are different than current active one (requested -> active):
  custom:framework-win-MediaFoundation: 216162199b28c13a410421893ffa2e32 -> 
  custom:video-decoder-ogg-theora: a1e56fd34408186e4bbccfd4996cb3dc -> 
  custom:container-muxer-webm: aa71ff27fc2769a1b78a27578f13a17b -> 
  custom:container-demuxer-webm: 4f35f7cbe854078d1ac9338744f61a02 -> 
  custom:container-demuxer-ogg: 62fdf1f143b41e24485cea50d1cbac27 -> 
  custom:video-encoder-webm-vp8: eb34c28f22e8b96e1ab97ce403110664 -> 
  custom:video-codec-MediaFoundation-h265: 746d11721c4dcdbdad8f713fa42b33f4 -> 
  custom:video-decoder-webm-vp8: 9c59270c3fd7afecdb556c50c9e8de78 -> 
  custom:audio-decoder-ogg-vorbis: bf7c407c2cedff20999df2af8eb42d56 -> 
  custom:audio-encoder-webm-vorbis: bf7c407c2cedff20999df2af8eb42d56 -> 
========================================================================
Received Import Request.
  path: Assets/MapGen/Tests/Tests.asmdef
  artifactKey: Guid(c61b1c75ffcde0e44b17225ca2279e1e) Importer(815301076,1909f56bfc062723c751e8b465ee728b)
Start importing Assets/MapGen/Tests/Tests.asmdef using Guid(c61b1c75ffcde0e44b17225ca2279e1e) Importer(815301076,1909f56bfc062723c751e8b465ee728b)  -> (artifact id: '0825998588a5f08c83aa0515df23fc87') in 0.042260 seconds 
========================================================================
Received Import Request.
  Time since last request: 7.917527 seconds.
  path: Assets/MapGen/Tests
  artifactKey: Guid(7e02f3dfee3c1bb428bb1bc976935839) Importer(815301076,1909f56bfc062723c751e8b465ee728b)
Start importing Assets/MapGen/Tests using Guid(7e02f3dfee3c1bb428bb1bc976935839) Importer(815301076,1909f56bfc062723c751e8b465ee728b)  -> (artifact id: 'd414bb34f2deba1285e26e0af6626871') in 0.003914 seconds 
========================================================================
Received Prepare
Registering precompiled user dll's ...
Registered in 0.011385 seconds.
Begin MonoManager ReloadAssembly
Symbol file LoadedFromMemory doesn't match image C:\Users\helic\Documents\SemiProject\sce-game-project\Game Project\Library\PackageCache\com.unity.visualscripting@1.6.1\Editor\VisualScripting.Core\Dependencies\YamlDotNet\Unity.VisualScripting.YamlDotNet.dll
Symbol file LoadedFromMemory doesn't match image C:\Users\helic\Documents\SemiProject\sce-game-project\Game Project\Library\PackageCache\com.unity.visualscripting@1.6.1\Editor\VisualScripting.Core\Dependencies\DotNetZip\Unity.VisualScripting.IonicZip.dll
Native extension for WindowsStandalone target not found
Refreshing native plugins compatible for Editor in 0.83 ms, found 3 plugins.
Preloading 0 native plugins for Editor in 0.00 ms.
Mono: successfully reloaded assembly
- Completed reload, in  1.658 seconds
Domain Reload Profiling:
	ReloadAssembly (1662ms)
		BeginReloadAssembly (217ms)
			ExecutionOrderSort (0ms)
			DisableScriptedObjects (7ms)
			BackupInstance (0ms)
			ReleaseScriptingObjects (0ms)
			CreateAndSetChildDomain (68ms)
		EndReloadAssembly (1322ms)
			LoadAssemblies (179ms)
			RebuildTransferFunctionScriptingTraits (0ms)
			SetupTypeCache (524ms)
			ReleaseScriptCaches (1ms)
			RebuildScriptCaches (64ms)
			SetupLoadedEditorAssemblies (443ms)
				LogAssemblyErrors (0ms)
				InitializePlatformSupportModulesInManaged (11ms)
				SetLoadedEditorAssemblies (1ms)
				RefreshPlugins (1ms)
				BeforeProcessingInitializeOnLoad (81ms)
				ProcessInitializeOnLoadAttributes (321ms)
				ProcessInitializeOnLoadMethodAttributes (14ms)
				AfterProcessingInitializeOnLoad (13ms)
				EditorAssembliesLoaded (0ms)
			ExecutionOrderSort2 (0ms)
			AwakeInstancesAfterBackupRestoration (11ms)
Platform modules already initialized, skipping
Refreshing native plugins compatible for Editor in 0.99 ms, found 3 plugins.
Preloading 0 native plugins for Editor in 0.00 ms.
Unloading 3228 Unused Serialized files (Serialized files now loaded: 0)
System memory in use before: 118.2 MB.
System memory in use after: 118.5 MB.

Unloading 19 unused Assets to reduce memory usage. Loaded Objects now: 3700.
Total: 7.474600 ms (FindLiveObjects: 0.472300 ms CreateObjectMapping: 0.382000 ms MarkObjects: 6.569100 ms  DeleteObjects: 0.048200 ms)

AssetImportParameters requested are different than current active one (requested -> active):
  custom:framework-win-MediaFoundation: 216162199b28c13a410421893ffa2e32 -> 
  custom:video-decoder-ogg-theora: a1e56fd34408186e4bbccfd4996cb3dc -> 
  custom:container-muxer-webm: aa71ff27fc2769a1b78a27578f13a17b -> 
  custom:container-demuxer-webm: 4f35f7cbe854078d1ac9338744f61a02 -> 
  custom:container-demuxer-ogg: 62fdf1f143b41e24485cea50d1cbac27 -> 
  custom:video-encoder-webm-vp8: eb34c28f22e8b96e1ab97ce403110664 -> 
  custom:video-codec-MediaFoundation-h265: 746d11721c4dcdbdad8f713fa42b33f4 -> 
  custom:video-decoder-webm-vp8: 9c59270c3fd7afecdb556c50c9e8de78 -> 
  custom:audio-decoder-ogg-vorbis: bf7c407c2cedff20999df2af8eb42d56 -> 
  custom:audio-encoder-webm-vorbis: bf7c407c2cedff20999df2af8eb42d56 -> 
========================================================================
Received Import Request.
  Time since last request: 19.605627 seconds.
  path: Assets
  artifactKey: Guid(00000000000000001000000000000000) Importer(815301076,1909f56bfc062723c751e8b465ee728b)
Start importing Assets using Guid(00000000000000001000000000000000) Importer(815301076,1909f56bfc062723c751e8b465ee728b)  -> (artifact id: '42d402b061de3733987d63b9cc3b64de') in 0.006211 seconds 
========================================================================
Received Import Request.
  Time since last request: 2.747479 seconds.
  path: Assets/Tests
  artifactKey: Guid(5cf6b4c10da0ae944ba3de99fff2fdf2) Importer(815301076,1909f56bfc062723c751e8b465ee728b)
Start importing Assets/Tests using Guid(5cf6b4c10da0ae944ba3de99fff2fdf2) Importer(815301076,1909f56bfc062723c751e8b465ee728b)  -> (artifact id: 'd2c7a2ad50e7a3eb70abe24d6a47aecb') in 0.003040 seconds 
========================================================================
Received Import Request.
  Time since last request: 2.075101 seconds.
  path: Assets/Tests/Tests
  artifactKey: Guid(8a194778b492abc42be2e8c73502a207) Importer(815301076,1909f56bfc062723c751e8b465ee728b)
Start importing Assets/Tests/Tests using Guid(8a194778b492abc42be2e8c73502a207) Importer(815301076,1909f56bfc062723c751e8b465ee728b)  -> (artifact id: 'a3065532b5f2179e8d5bf803fd6fc6de') in 0.003755 seconds 
========================================================================
Received Import Request.
  Time since last request: 51.183990 seconds.
  path: Assets/MapGen/Scripts
  artifactKey: Guid(845d4e3e19cbca64689cd67fac23c11e) Importer(815301076,1909f56bfc062723c751e8b465ee728b)
Start importing Assets/MapGen/Scripts using Guid(845d4e3e19cbca64689cd67fac23c11e) Importer(815301076,1909f56bfc062723c751e8b465ee728b)  -> (artifact id: '36124838d0f99c032cf113c424de2ca1') in 0.003929 seconds 
========================================================================
Received Import Request.
  Time since last request: 2.958520 seconds.
  path: Assets/MapGen/Scripts/MapGen.cs
  artifactKey: Guid(4c6bc7f2ce5ce574ab98a5506aa5eaf9) Importer(815301076,1909f56bfc062723c751e8b465ee728b)
Start importing Assets/MapGen/Scripts/MapGen.cs using Guid(4c6bc7f2ce5ce574ab98a5506aa5eaf9) Importer(815301076,1909f56bfc062723c751e8b465ee728b)  -> (artifact id: '742995b1fd9ec353612cf63685e199b7') in 0.006679 seconds 
========================================================================
Received Import Request.
  Time since last request: 203.124110 seconds.
  path: Assets/MapGen/Scripts/MapGen.cs
  artifactKey: Guid(4c6bc7f2ce5ce574ab98a5506aa5eaf9) Importer(815301076,1909f56bfc062723c751e8b465ee728b)
Start importing Assets/MapGen/Scripts/MapGen.cs using Guid(4c6bc7f2ce5ce574ab98a5506aa5eaf9) Importer(815301076,1909f56bfc062723c751e8b465ee728b)  -> (artifact id: 'ad6e56a95e378260a1de9c81d40fad7d') in 0.005589 seconds 
========================================================================
Received Import Request.
  Time since last request: 57.437836 seconds.
  path: Assets/MapGen/Scripts/MapGen.asmdef
  artifactKey: Guid(caad78c9fdb641a438a88a181e3ba45c) Importer(815301076,1909f56bfc062723c751e8b465ee728b)
Start importing Assets/MapGen/Scripts/MapGen.asmdef using Guid(caad78c9fdb641a438a88a181e3ba45c) Importer(815301076,1909f56bfc062723c751e8b465ee728b)  -> (artifact id: '147ae32bac6d8d1f81c4d15ef76453f6') in 0.004317 seconds 
========================================================================
Received Import Request.
  Time since last request: 12.276007 seconds.
  path: Assets/MapGen/Items
  artifactKey: Guid(000bf5cdb4dc87d4396259ed4852ac57) Importer(815301076,1909f56bfc062723c751e8b465ee728b)
Start importing Assets/MapGen/Items using Guid(000bf5cdb4dc87d4396259ed4852ac57) Importer(815301076,1909f56bfc062723c751e8b465ee728b)  -> (artifact id: 'd7fca84ed6fa5b46f85db12249cf8289') in 0.005127 seconds 
========================================================================
Received Import Request.
  Time since last request: 0.759828 seconds.
  path: Assets/MapGen/Items/Database
  artifactKey: Guid(ecc684a6f70bad847ac7b62cc5fed573) Importer(815301076,1909f56bfc062723c751e8b465ee728b)
Start importing Assets/MapGen/Items/Database using Guid(ecc684a6f70bad847ac7b62cc5fed573) Importer(815301076,1909f56bfc062723c751e8b465ee728b)  -> (artifact id: 'c99c77b368308579363c950fc83bdd96') in 0.004444 seconds 
========================================================================
Received Import Request.
  Time since last request: 7.746794 seconds.
  path: Assets/MapGen/Items/Database/MapData.asmdef
  artifactKey: Guid(1106061ca84963b49a279913b524f9cd) Importer(815301076,1909f56bfc062723c751e8b465ee728b)
Start importing Assets/MapGen/Items/Database/MapData.asmdef using Guid(1106061ca84963b49a279913b524f9cd) Importer(815301076,1909f56bfc062723c751e8b465ee728b)  -> (artifact id: 'dcefd0788308fddb56631a2489e950f3') in 0.003999 seconds 
========================================================================
Received Import Request.
  Time since last request: 99.112563 seconds.
  path: Assets/Tests/Tests.asmdef
  artifactKey: Guid(1e358b56a4dc58d4cac45cf32240368f) Importer(815301076,1909f56bfc062723c751e8b465ee728b)
Start importing Assets/Tests/Tests.asmdef using Guid(1e358b56a4dc58d4cac45cf32240368f) Importer(815301076,1909f56bfc062723c751e8b465ee728b)  -> (artifact id: '4c021fee4059033119d3efc5904bd140') in 0.015864 seconds 
========================================================================
Received Import Request.
  Time since last request: 18.635755 seconds.
  path: Assets/Plugins/AstarPathfindingProject/AstarPathfindingProject.asmdef
  artifactKey: Guid(efa45043feb7e4147a305b73b5cea642) Importer(815301076,1909f56bfc062723c751e8b465ee728b)
Start importing Assets/Plugins/AstarPathfindingProject/AstarPathfindingProject.asmdef using Guid(efa45043feb7e4147a305b73b5cea642) Importer(815301076,1909f56bfc062723c751e8b465ee728b)  -> (artifact id: 'fa628972aa73b82a158bf0d7f8452c82') in 0.006821 seconds 
========================================================================
Received Import Request.
  Time since last request: 0.000737 seconds.
  path: Packages/com.unity.ide.visualstudio/Editor/com.unity.ide.visualstudio.asmdef
  artifactKey: Guid(b93f844d45cfcc44fa2b0eed5c9ec6bb) Importer(815301076,1909f56bfc062723c751e8b465ee728b)
Start importing Packages/com.unity.ide.visualstudio/Editor/com.unity.ide.visualstudio.asmdef using Guid(b93f844d45cfcc44fa2b0eed5c9ec6bb) Importer(815301076,1909f56bfc062723c751e8b465ee728b)  -> (artifact id: 'f7c166c5239c9f94d6347c9b443d9b01') in 0.006498 seconds 
========================================================================
Received Import Request.
  Time since last request: 0.000717 seconds.
  path: Packages/com.unity.ide.rider/Rider/Editor/com.unity.ide.rider.asmdef
  artifactKey: Guid(d528c8c98d269ca44a06cd9624a03945) Importer(815301076,1909f56bfc062723c751e8b465ee728b)
Start importing Packages/com.unity.ide.rider/Rider/Editor/com.unity.ide.rider.asmdef using Guid(d528c8c98d269ca44a06cd9624a03945) Importer(815301076,1909f56bfc062723c751e8b465ee728b)  -> (artifact id: 'f7eb19ff54a73ccb3a3ab990e095b44e') in 0.007055 seconds 
========================================================================
Received Import Request.
  Time since last request: 0.000685 seconds.
  path: Packages/com.unity.timeline/DocCodeExamples/DocCodeExamples.asmdef
  artifactKey: Guid(9550f6b9c1ac87345a996c43f204fb30) Importer(815301076,1909f56bfc062723c751e8b465ee728b)
Start importing Packages/com.unity.timeline/DocCodeExamples/DocCodeExamples.asmdef using Guid(9550f6b9c1ac87345a996c43f204fb30) Importer(815301076,1909f56bfc062723c751e8b465ee728b)  -> (artifact id: 'f483ce6ab1cf87d08116251ed81213b3') in 0.007894 seconds 
========================================================================
Received Import Request.
  Time since last request: 0.000623 seconds.
  path: Assets/Plugins/AstarPathfindingProject/PackageTools/Editor/PackageToolsEditor.asmdef
  artifactKey: Guid(774e21169c4ac4ec8a01db9cdb98d33b) Importer(815301076,1909f56bfc062723c751e8b465ee728b)
Start importing Assets/Plugins/AstarPathfindingProject/PackageTools/Editor/PackageToolsEditor.asmdef using Guid(774e21169c4ac4ec8a01db9cdb98d33b) Importer(815301076,1909f56bfc062723c751e8b465ee728b)  -> (artifact id: '378ae0f2f56de09de5fd999f0e253c9e') in 0.006764 seconds 
========================================================================
Received Import Request.
  Time since last request: 0.000658 seconds.
  path: Assets/Plugins/AstarPathfindingProject/Editor/AstarPathfindingProjectEditor.asmdef
  artifactKey: Guid(865575785c1524f888e47306de0c1246) Importer(815301076,1909f56bfc062723c751e8b465ee728b)
Start importing Assets/Plugins/AstarPathfindingProject/Editor/AstarPathfindingProjectEditor.asmdef using Guid(865575785c1524f888e47306de0c1246) Importer(815301076,1909f56bfc062723c751e8b465ee728b)  -> (artifact id: '0d5bcefb144be1076f9a5a8a9ead4252') in 0.008890 seconds 
========================================================================
Received Import Request.
  Time since last request: 3.136887 seconds.
  path: Packages/com.unity.ide.vscode/Editor/Unity.com.unity.vscode.Editor.asmdef
  artifactKey: Guid(8b845b123ab418448a8be2935fa804e0) Importer(815301076,1909f56bfc062723c751e8b465ee728b)
Start importing Packages/com.unity.ide.vscode/Editor/Unity.com.unity.vscode.Editor.asmdef using Guid(8b845b123ab418448a8be2935fa804e0) Importer(815301076,1909f56bfc062723c751e8b465ee728b)  -> (artifact id: '52b6ef3f135b63af18b6fbbe340ded76') in 0.003987 seconds 
========================================================================
Received Import Request.
  Time since last request: 0.000579 seconds.
  path: Packages/com.unity.collab-proxy/Editor/PlasticSCM/Unity.PlasticSCM.Editor.asmdef
  artifactKey: Guid(4b84427fd7ace4b4cb623ef8a46124ed) Importer(815301076,1909f56bfc062723c751e8b465ee728b)
Start importing Packages/com.unity.collab-proxy/Editor/PlasticSCM/Unity.PlasticSCM.Editor.asmdef using Guid(4b84427fd7ace4b4cb623ef8a46124ed) Importer(815301076,1909f56bfc062723c751e8b465ee728b)  -> (artifact id: '09819c7dd297652e7900e3774dabf30a') in 0.004763 seconds 
========================================================================
Received Import Request.
  Time since last request: 0.000643 seconds.
  path: Packages/com.unity.collab-proxy/Tests/Editor/PlasticSCM/Unity.PlasticSCM.EditorTests.asmdef
  artifactKey: Guid(d2a21ff323ae84455892cb5f59624640) Importer(815301076,1909f56bfc062723c751e8b465ee728b)
Start importing Packages/com.unity.collab-proxy/Tests/Editor/PlasticSCM/Unity.PlasticSCM.EditorTests.asmdef using Guid(d2a21ff323ae84455892cb5f59624640) Importer(815301076,1909f56bfc062723c751e8b465ee728b)  -> (artifact id: 'e279aa255b78ecdc828a9e0b6d51733a') in 0.005201 seconds 
========================================================================
Received Import Request.
  Time since last request: 18.603101 seconds.
  path: Assets/MapGen/Items/Objects/TownHall.asset
  artifactKey: Guid(d17ab019574a0274ea99c7cd2bb3cbfc) Importer(815301076,1909f56bfc062723c751e8b465ee728b)
Start importing Assets/MapGen/Items/Objects/TownHall.asset using Guid(d17ab019574a0274ea99c7cd2bb3cbfc) Importer(815301076,1909f56bfc062723c751e8b465ee728b)  -> (artifact id: 'c695603628faca0e38d9ff76f4067125') in 0.014046 seconds 
========================================================================
Received Import Request.
  Time since last request: 8.125210 seconds.
  path: Assets/MapGen/Items/Database/TileData.cs
  artifactKey: Guid(0ff57fb16e4b22c498caf4a769f07c78) Importer(815301076,1909f56bfc062723c751e8b465ee728b)
Start importing Assets/MapGen/Items/Database/TileData.cs using Guid(0ff57fb16e4b22c498caf4a769f07c78) Importer(815301076,1909f56bfc062723c751e8b465ee728b)  -> (artifact id: '61e836934db4209372b9c423d5b8b0ca') in 0.011781 seconds 
========================================================================
Received Prepare
Registering precompiled user dll's ...
Registered in 0.014674 seconds.
Begin MonoManager ReloadAssembly
Symbol file LoadedFromMemory doesn't match image C:\Users\helic\Documents\SemiProject\sce-game-project\Game Project\Library\PackageCache\com.unity.visualscripting@1.6.1\Editor\VisualScripting.Core\Dependencies\YamlDotNet\Unity.VisualScripting.YamlDotNet.dll
Symbol file LoadedFromMemory doesn't match image C:\Users\helic\Documents\SemiProject\sce-game-project\Game Project\Library\PackageCache\com.unity.visualscripting@1.6.1\Editor\VisualScripting.Core\Dependencies\DotNetZip\Unity.VisualScripting.IonicZip.dll
Native extension for WindowsStandalone target not found
Refreshing native plugins compatible for Editor in 1.30 ms, found 3 plugins.
Preloading 0 native plugins for Editor in 0.00 ms.
Mono: successfully reloaded assembly
- Completed reload, in  2.116 seconds
Domain Reload Profiling:
	ReloadAssembly (2117ms)
		BeginReloadAssembly (236ms)
			ExecutionOrderSort (0ms)
			DisableScriptedObjects (7ms)
			BackupInstance (0ms)
			ReleaseScriptingObjects (0ms)
			CreateAndSetChildDomain (69ms)
		EndReloadAssembly (1778ms)
			LoadAssemblies (200ms)
			RebuildTransferFunctionScriptingTraits (0ms)
			SetupTypeCache (755ms)
			ReleaseScriptCaches (1ms)
			RebuildScriptCaches (78ms)
			SetupLoadedEditorAssemblies (542ms)
				LogAssemblyErrors (0ms)
				InitializePlatformSupportModulesInManaged (13ms)
				SetLoadedEditorAssemblies (1ms)
				RefreshPlugins (2ms)
				BeforeProcessingInitializeOnLoad (160ms)
				ProcessInitializeOnLoadAttributes (336ms)
				ProcessInitializeOnLoadMethodAttributes (14ms)
				AfterProcessingInitializeOnLoad (16ms)
				EditorAssembliesLoaded (0ms)
			ExecutionOrderSort2 (0ms)
			AwakeInstancesAfterBackupRestoration (11ms)
Platform modules already initialized, skipping
Refreshing native plugins compatible for Editor in 0.90 ms, found 3 plugins.
Preloading 0 native plugins for Editor in 0.00 ms.
Unloading 3230 Unused Serialized files (Serialized files now loaded: 0)
System memory in use before: 118.4 MB.
System memory in use after: 118.6 MB.

Unloading 19 unused Assets to reduce memory usage. Loaded Objects now: 3705.
Total: 25.392900 ms (FindLiveObjects: 0.629400 ms CreateObjectMapping: 0.355200 ms MarkObjects: 24.349000 ms  DeleteObjects: 0.055800 ms)

AssetImportParameters requested are different than current active one (requested -> active):
  custom:framework-win-MediaFoundation: 216162199b28c13a410421893ffa2e32 -> 
  custom:video-decoder-ogg-theora: a1e56fd34408186e4bbccfd4996cb3dc -> 
  custom:container-muxer-webm: aa71ff27fc2769a1b78a27578f13a17b -> 
  custom:container-demuxer-webm: 4f35f7cbe854078d1ac9338744f61a02 -> 
  custom:container-demuxer-ogg: 62fdf1f143b41e24485cea50d1cbac27 -> 
  custom:video-encoder-webm-vp8: eb34c28f22e8b96e1ab97ce403110664 -> 
  custom:video-codec-MediaFoundation-h265: 746d11721c4dcdbdad8f713fa42b33f4 -> 
  custom:video-decoder-webm-vp8: 9c59270c3fd7afecdb556c50c9e8de78 -> 
  custom:audio-decoder-ogg-vorbis: bf7c407c2cedff20999df2af8eb42d56 -> 
  custom:audio-encoder-webm-vorbis: bf7c407c2cedff20999df2af8eb42d56 -> 
========================================================================
Received Prepare
Registering precompiled user dll's ...
Registered in 0.012117 seconds.
Begin MonoManager ReloadAssembly
Symbol file LoadedFromMemory doesn't match image C:\Users\helic\Documents\SemiProject\sce-game-project\Game Project\Library\PackageCache\com.unity.visualscripting@1.6.1\Editor\VisualScripting.Core\Dependencies\YamlDotNet\Unity.VisualScripting.YamlDotNet.dll
Symbol file LoadedFromMemory doesn't match image C:\Users\helic\Documents\SemiProject\sce-game-project\Game Project\Library\PackageCache\com.unity.visualscripting@1.6.1\Editor\VisualScripting.Core\Dependencies\DotNetZip\Unity.VisualScripting.IonicZip.dll
Native extension for WindowsStandalone target not found
Refreshing native plugins compatible for Editor in 0.69 ms, found 3 plugins.
Preloading 0 native plugins for Editor in 0.00 ms.
Mono: successfully reloaded assembly
- Completed reload, in  1.385 seconds
Domain Reload Profiling:
	ReloadAssembly (1389ms)
		BeginReloadAssembly (153ms)
			ExecutionOrderSort (0ms)
			DisableScriptedObjects (5ms)
			BackupInstance (0ms)
			ReleaseScriptingObjects (0ms)
			CreateAndSetChildDomain (42ms)
		EndReloadAssembly (1149ms)
			LoadAssemblies (143ms)
			RebuildTransferFunctionScriptingTraits (0ms)
			SetupTypeCache (461ms)
			ReleaseScriptCaches (1ms)
			RebuildScriptCaches (50ms)
			SetupLoadedEditorAssemblies (381ms)
				LogAssemblyErrors (0ms)
				InitializePlatformSupportModulesInManaged (10ms)
				SetLoadedEditorAssemblies (0ms)
				RefreshPlugins (1ms)
				BeforeProcessingInitializeOnLoad (76ms)
				ProcessInitializeOnLoadAttributes (272ms)
				ProcessInitializeOnLoadMethodAttributes (11ms)
				AfterProcessingInitializeOnLoad (10ms)
				EditorAssembliesLoaded (0ms)
			ExecutionOrderSort2 (0ms)
			AwakeInstancesAfterBackupRestoration (9ms)
Platform modules already initialized, skipping
Refreshing native plugins compatible for Editor in 0.69 ms, found 3 plugins.
Preloading 0 native plugins for Editor in 0.00 ms.
Unloading 3230 Unused Serialized files (Serialized files now loaded: 0)
System memory in use before: 118.4 MB.
System memory in use after: 118.6 MB.

Unloading 19 unused Assets to reduce memory usage. Loaded Objects now: 3707.
Total: 4.470900 ms (FindLiveObjects: 0.302100 ms CreateObjectMapping: 0.171500 ms MarkObjects: 3.971900 ms  DeleteObjects: 0.024200 ms)

AssetImportParameters requested are different than current active one (requested -> active):
  custom:framework-win-MediaFoundation: 216162199b28c13a410421893ffa2e32 -> 
  custom:video-decoder-ogg-theora: a1e56fd34408186e4bbccfd4996cb3dc -> 
  custom:container-muxer-webm: aa71ff27fc2769a1b78a27578f13a17b -> 
  custom:container-demuxer-webm: 4f35f7cbe854078d1ac9338744f61a02 -> 
  custom:container-demuxer-ogg: 62fdf1f143b41e24485cea50d1cbac27 -> 
  custom:video-encoder-webm-vp8: eb34c28f22e8b96e1ab97ce403110664 -> 
  custom:video-codec-MediaFoundation-h265: 746d11721c4dcdbdad8f713fa42b33f4 -> 
  custom:video-decoder-webm-vp8: 9c59270c3fd7afecdb556c50c9e8de78 -> 
  custom:audio-decoder-ogg-vorbis: bf7c407c2cedff20999df2af8eb42d56 -> 
  custom:audio-encoder-webm-vorbis: bf7c407c2cedff20999df2af8eb42d56 -> 
AssetImportWorkerClient::OnTransportError - code=2 error=End of file
